<?xml version="1.0" encoding="UTF-8"?>
<!-- Generated by org.testng.reporters.JUnitXMLReporter -->
<testsuite ignored="1" hostname="DESKTOP-J54FGNH" failures="0" tests="3" name="TestGroups" time="0.112" errors="0" timestamp="2023-10-30T22:20:36 WAT">
  <testcase classname="demo.TestNGGroupsDemo" name="test2" time="0.013"/>
  <testcase classname="demo.TestNGGroupsDemo" name="test3" time="0.004"/>
  <testcase classname="demo.TestNGGroupsDemo" name="test4" time="0.004"/>
  <testcase classname="demo.TestNGGroupsDemo" name="test1" time="0.0">
    <ignored/>
  </testcase> <!-- test1 -->
</testsuite> <!-- TestGroups -->
