<?xml version="1.0" encoding="UTF-8"?>
<!-- Generated by org.testng.reporters.JUnitXMLReporter -->
<testsuite ignored="0" hostname="DESKTOP-J54FGNH" failures="0" tests="24" name="Surefire test" time="2.99" errors="0" timestamp="2023-11-01T13:11:48 WAT">
  <testcase classname="demo.TestNgMultibrowserDemo" name="@BeforeTest setUp" time="-1.698840705562E9">
    <failure type="org.testng.TestNGException" message="
Parameter &amp;apos;browserName&amp;apos; is required by BeforeTest on method setUp but has not been marked @Optional or defined
">
      <![CDATA[org.testng.TestNGException: 
Parameter 'browserName' is required by BeforeTest on method setUp but has not been marked @Optional or defined

... Removed 26 stack frames]]>
    </failure>
  </testcase> <!-- @BeforeTest setUp -->
  <testcase classname="demo.TestNgMultibrowserDemo" name="@AfterTest tearDown" time="0.0">
    <skipped/>
  </testcase> <!-- @AfterTest tearDown -->
  <testcase classname="demo.TestNGPrioritydemo" name="one" time="0.001">
    <skipped/>
  </testcase> <!-- one -->
  <testcase classname="demo.TestNGParametersDemo" name="test" time="0.001">
    <skipped/>
  </testcase> <!-- test -->
  <testcase classname="demo.Test1" name="test1" time="0.0">
    <skipped/>
  </testcase> <!-- test1 -->
  <testcase classname="demo.TestNGGroupsDemo" name="test1" time="0.0">
    <skipped/>
  </testcase> <!-- test1 -->
  <testcase classname="demo.TestNGIgnoreDemo" name="test1" time="0.0">
    <skipped/>
  </testcase> <!-- test1 -->
  <testcase classname="demo.TestNgMultibrowserDemo" name="test1" time="0.0">
    <skipped/>
  </testcase> <!-- test1 -->
  <testcase classname="demo.TestNGRetryfailedDemo" name="test1" time="0.0">
    <skipped/>
  </testcase> <!-- test1 -->
  <testcase classname="listeners.TestNGListenerDemo" name="test1" time="0.0">
    <skipped/>
  </testcase> <!-- test1 -->
  <testcase classname="demo.TestNGDependencyDemo" name="test2" time="0.0">
    <skipped/>
  </testcase> <!-- test2 -->
  <testcase classname="demo.TestNGGroupsDemo" name="test2" time="0.0">
    <skipped/>
  </testcase> <!-- test2 -->
  <testcase classname="demo.TestNGIgnoreDemo" name="test2" time="0.0">
    <skipped/>
  </testcase> <!-- test2 -->
  <testcase classname="demo.TestNGRetryfailedDemo" name="test2" time="0.0">
    <skipped/>
  </testcase> <!-- test2 -->
  <testcase classname="listeners.TestNGListenerDemo" name="test2" time="0.001">
    <skipped/>
  </testcase> <!-- test2 -->
  <testcase classname="demo.TestNGDependencyDemo" name="test3" time="0.0">
    <skipped/>
  </testcase> <!-- test3 -->
  <testcase classname="demo.TestNGDependencyDemo" name="test1" time="0.001">
    <skipped/>
  </testcase> <!-- test1 -->
  <testcase classname="demo.TestNGGroupsDemo" name="test3" time="0.0">
    <skipped/>
  </testcase> <!-- test3 -->
  <testcase classname="demo.TestNGRetryfailedDemo" name="test3" time="0.0">
    <skipped/>
  </testcase> <!-- test3 -->
  <testcase classname="listeners.TestNGListenerDemo" name="test3" time="0.0">
    <skipped/>
  </testcase> <!-- test3 -->
  <testcase classname="demo.TestNGGroupsDemo" name="test4" time="0.0">
    <skipped/>
  </testcase> <!-- test4 -->
  <testcase classname="listeners.TestNGListenerDemo2" name="test4" time="0.0">
    <skipped/>
  </testcase> <!-- test4 -->
  <testcase classname="listeners.TestNGListenerDemo2" name="test5" time="0.0">
    <skipped/>
  </testcase> <!-- test5 -->
  <testcase classname="listeners.TestNGListenerDemo2" name="test6" time="0.0">
    <skipped/>
  </testcase> <!-- test6 -->
  <testcase classname="demo.TestNGPrioritydemo" name="three" time="0.0">
    <skipped/>
  </testcase> <!-- three -->
  <testcase classname="demo.TestNGPrioritydemo" name="two" time="0.0">
    <skipped/>
  </testcase> <!-- two -->
</testsuite> <!-- Surefire test -->
