<?xml version="1.0" encoding="UTF-8"?>
<!-- Generated by org.testng.reporters.JUnitXMLReporter -->
<testsuite ignored="1" hostname="DESKTOP-J54FGNH" failures="0" tests="2" name="Test1" time="55.9" errors="0" timestamp="2023-10-22T21:15:44 WAT">
  <testcase classname="test.test1_GoogleSearch_TestNG2" name="googleSearch3" time="14.16"/>
  <testcase classname="test.test1_GoogleSearch_TestNG" name="googleSearch" time="51.63"/>
  <testcase classname="test.test1_GoogleSearch_TestNG2" name="googleSearch2" time="0.0">
    <ignored/>
  </testcase> <!-- googleSearch2 -->
</testsuite> <!-- Test1 -->
