<?xml version="1.0" encoding="UTF-8"?>
<!-- Generated by org.testng.reporters.JUnitXMLReporter -->
<testsuite ignored="0" hostname="DESKTOP-J54FGNH" failures="0" tests="6" name="Test" time="9.885" errors="0" timestamp="2023-10-29T20:18:59 WAT">
  <testcase classname="listeners.TestNGListenerDemo" name="test1" time="0.016"/>
  <testcase classname="listeners.TestNGListenerDemo" name="test2" time="9.758"/>
  <testcase classname="listeners.TestNGListenerDemo" name="test3" time="0.004">
    <skipped/>
  </testcase> <!-- test3 -->
  <testcase classname="listeners.TestNGListenerDemo2" name="test4" time="0.004"/>
  <testcase classname="listeners.TestNGListenerDemo2" name="test5" time="0.002"/>
  <testcase classname="listeners.TestNGListenerDemo2" name="test6" time="0.003">
    <skipped/>
  </testcase> <!-- test6 -->
</testsuite> <!-- Test -->
