<?xml version="1.0" encoding="UTF-8"?>
<testsuite xmlns:xsi="http://www.w3.org/2001/XMLSchema-instance" xsi:noNamespaceSchemaLocation="https://maven.apache.org/surefire/maven-surefire-plugin/xsd/surefire-test-report-3.0.xsd" version="3.0" name="TestSuite" time="3.97" tests="26" errors="0" skipped="25" failures="1">
  <properties>
[...]
</properties>
  <testcase name="setUp" classname="demo.TestNgMultibrowserDemo" time="0.603">
    <failure message="&#10;Parameter &apos;browserName&apos; is required by BeforeTest on method setUp but has not been marked @Optional or defined&#10;" type="org.testng.TestNGException"><![CDATA[org.testng.TestNGException: 

Parameter 'browserName' is required by BeforeTest on method setUp but has not been marked @Optional or defined

	at org.testng.internal.Parameters.createParams(Parameters.java:267)
	at org.testng.internal.Parameters.createParametersForMethod(Parameters.java:355)
	at org.testng.internal.Parameters.createParameters(Parameters.java:684)
	at org.testng.internal.Parameters.createConfigurationParameters(Parameters.java:166)
	at org.testng.internal.invokers.ConfigInvoker.invokeConfigurations(ConfigInvoker.java:306)
	at org.testng.TestRunner.invokeTestConfigurations(TestRunner.java:663)
	at org.testng.TestRunner.beforeRun(TestRunner.java:652)
	at org.testng.TestRunner.run(TestRunner.java:614)
	at org.testng.SuiteRunner.runTest(SuiteRunner.java:443)
	at org.testng.SuiteRunner.runSequentially(SuiteRunner.java:437)
	at org.testng.SuiteRunner.privateRun(SuiteRunner.java:397)
	at org.testng.SuiteRunner.run(SuiteRunner.java:336)
	at org.testng.SuiteRunnerWorker.runSuite(SuiteRunnerWorker.java:52)
	at org.testng.SuiteRunnerWorker.run(SuiteRunnerWorker.java:95)
	at org.testng.TestNG.runSuitesSequentially(TestNG.java:1280)
	at org.testng.TestNG.runSuitesLocally(TestNG.java:1200)
	at org.testng.TestNG.runSuites(TestNG.java:1114)
	at org.testng.TestNG.run(TestNG.java:1082)
	at org.apache.maven.surefire.testng.TestNGExecutor.run(TestNGExecutor.java:155)
	at org.apache.maven.surefire.testng.TestNGDirectoryTestSuite.executeMulti(TestNGDirectoryTestSuite.java:169)
	at org.apache.maven.surefire.testng.TestNGDirectoryTestSuite.execute(TestNGDirectoryTestSuite.java:88)
	at org.apache.maven.surefire.testng.TestNGProvider.invoke(TestNGProvider.java:137)
	at org.apache.maven.surefire.booter.ForkedBooter.runSuitesInProcess(ForkedBooter.java:385)
	at org.apache.maven.surefire.booter.ForkedBooter.execute(ForkedBooter.java:162)
	at org.apache.maven.surefire.booter.ForkedBooter.run(ForkedBooter.java:507)
	at org.apache.maven.surefire.booter.ForkedBooter.main(ForkedBooter.java:495)
]]></failure>
    <system-err><![CDATA[SLF4J: Failed to load class "org.slf4j.impl.StaticLoggerBinder".
SLF4J: Defaulting to no-operation (NOP) logger implementation
SLF4J: See http://www.slf4j.org/codes.html#StaticLoggerBinder for further details.
]]></system-err>
  </testcase>
  <testcase name="test1" classname="demo.TestNgMultibrowserDemo" time="0.0">
    <skipped message="&#10;Parameter &apos;browserName&apos; is required by BeforeTest on method setUp but has not been marked @Optional or defined&#10;"/>
  </testcase>
  <testcase name="tearDown" classname="demo.TestNgMultibrowserDemo" time="0.0">
    <skipped/>
  </testcase>
  <testcase name="one" classname="demo.TestNGPrioritydemo" time="0.0">
    <skipped message="&#10;Parameter &apos;browserName&apos; is required by BeforeTest on method setUp but has not been marked @Optional or defined&#10;"/>
  </testcase>
  <testcase name="three" classname="demo.TestNGPrioritydemo" time="0.0">
    <skipped message="&#10;Parameter &apos;browserName&apos; is required by BeforeTest on method setUp but has not been marked @Optional or defined&#10;"/>
  </testcase>
  <testcase name="two" classname="demo.TestNGPrioritydemo" time="0.0">
    <skipped message="&#10;Parameter &apos;browserName&apos; is required by BeforeTest on method setUp but has not been marked @Optional or defined&#10;"/>
  </testcase>
  <testcase name="test[Rami](1)" classname="demo.TestNGParametersDemo" time="0.0">
    <skipped message="&#10;Parameter &apos;browserName&apos; is required by BeforeTest on method setUp but has not been marked @Optional or defined&#10;"/>
  </testcase>
  <testcase name="test1" classname="demo.Test1" time="0.0">
    <skipped message="&#10;Parameter &apos;browserName&apos; is required by BeforeTest on method setUp but has not been marked @Optional or defined&#10;"/>
    <system-err><![CDATA[Nov 01, 2023 1:11:48 PM org.openqa.selenium.devtools.CdpVersionFinder findNearestMatch
WARNING: Unable to find an exact match for CDP version 119, returning the closest version; found: 118; Please update to a Selenium version that supports CDP version 119
]]></system-err>
  </testcase>
  <testcase name="test1" classname="demo.TestNGGroupsDemo" time="0.0">
    <skipped message="&#10;Parameter &apos;browserName&apos; is required by BeforeTest on method setUp but has not been marked @Optional or defined&#10;"/>
  </testcase>
  <testcase name="test2" classname="demo.TestNGGroupsDemo" time="0.0">
    <skipped message="&#10;Parameter &apos;browserName&apos; is required by BeforeTest on method setUp but has not been marked @Optional or defined&#10;"/>
  </testcase>
  <testcase name="test3" classname="demo.TestNGGroupsDemo" time="0.0">
    <skipped message="&#10;Parameter &apos;browserName&apos; is required by BeforeTest on method setUp but has not been marked @Optional or defined&#10;"/>
  </testcase>
  <testcase name="test4" classname="demo.TestNGGroupsDemo" time="0.0">
    <skipped message="&#10;Parameter &apos;browserName&apos; is required by BeforeTest on method setUp but has not been marked @Optional or defined&#10;"/>
  </testcase>
  <testcase name="test1" classname="demo.TestNGIgnoreDemo" time="0.0">
    <skipped message="&#10;Parameter &apos;browserName&apos; is required by BeforeTest on method setUp but has not been marked @Optional or defined&#10;"/>
  </testcase>
  <testcase name="test2" classname="demo.TestNGIgnoreDemo" time="0.0">
    <skipped message="&#10;Parameter &apos;browserName&apos; is required by BeforeTest on method setUp but has not been marked @Optional or defined&#10;"/>
  </testcase>
  <testcase name="test1" classname="demo.TestNGRetryfailedDemo" time="0.0">
    <skipped message="&#10;Parameter &apos;browserName&apos; is required by BeforeTest on method setUp but has not been marked @Optional or defined&#10;"/>
  </testcase>
  <testcase name="test2" classname="demo.TestNGRetryfailedDemo" time="0.0">
    <skipped message="&#10;Parameter &apos;browserName&apos; is required by BeforeTest on method setUp but has not been marked @Optional or defined&#10;"/>
  </testcase>
  <testcase name="test3" classname="demo.TestNGRetryfailedDemo" time="0.0">
    <skipped message="&#10;Parameter &apos;browserName&apos; is required by BeforeTest on method setUp but has not been marked @Optional or defined&#10;"/>
  </testcase>
  <testcase name="test1" classname="listeners.TestNGListenerDemo" time="0.0">
    <skipped message="&#10;Parameter &apos;browserName&apos; is required by BeforeTest on method setUp but has not been marked @Optional or defined&#10;"/>
  </testcase>
  <testcase name="test2" classname="listeners.TestNGListenerDemo" time="0.0">
    <skipped message="&#10;Parameter &apos;browserName&apos; is required by BeforeTest on method setUp but has not been marked @Optional or defined&#10;"/>
  </testcase>
  <testcase name="test3" classname="listeners.TestNGListenerDemo" time="0.0">
    <skipped message="&#10;Parameter &apos;browserName&apos; is required by BeforeTest on method setUp but has not been marked @Optional or defined&#10;"/>
  </testcase>
  <testcase name="test2" classname="demo.TestNGDependencyDemo" time="0.0">
    <skipped message="&#10;Parameter &apos;browserName&apos; is required by BeforeTest on method setUp but has not been marked @Optional or defined&#10;"/>
  </testcase>
  <testcase name="test3" classname="demo.TestNGDependencyDemo" time="0.0">
    <skipped message="&#10;Parameter &apos;browserName&apos; is required by BeforeTest on method setUp but has not been marked @Optional or defined&#10;"/>
  </testcase>
  <testcase name="test1" classname="demo.TestNGDependencyDemo" time="0.0">
    <skipped message="Method TestNGDependencyDemo.test1()[pri:0, instance:demo.TestNGDependencyDemo@78123e82] depends on not successfully finished methods in group &quot;sanity.*&quot;"/>
  </testcase>
  <testcase name="test4" classname="listeners.TestNGListenerDemo2" time="0.0">
    <skipped message="&#10;Parameter &apos;browserName&apos; is required by BeforeTest on method setUp but has not been marked @Optional or defined&#10;"/>
  </testcase>
  <testcase name="test5" classname="listeners.TestNGListenerDemo2" time="0.0">
    <skipped message="&#10;Parameter &apos;browserName&apos; is required by BeforeTest on method setUp but has not been marked @Optional or defined&#10;"/>
  </testcase>
  <testcase name="test6" classname="listeners.TestNGListenerDemo2" time="0.0">
    <skipped message="&#10;Parameter &apos;browserName&apos; is required by BeforeTest on method setUp but has not been marked @Optional or defined&#10;"/>
  </testcase>
</testsuite>