<?xml version="1.0" encoding="UTF-8"?>
<!-- Generated by org.testng.reporters.JUnitXMLReporter -->
<testsuite ignored="3" hostname="DESKTOP-J54FGNH" failures="0" tests="0" time="0.021" errors="0" timestamp="2023-10-31T23:26:36 WAT">
  <testcase classname="demo.TestNGRetryfailedDemo" name="test1" time="0.0">
    <ignored/>
  </testcase> <!-- test1 -->
  <testcase classname="demo.TestNGRetryfailedDemo" name="test2" time="0.0">
    <ignored/>
  </testcase> <!-- test2 -->
  <testcase classname="demo.TestNGRetryfailedDemo" name="test3" time="0.0">
    <ignored/>
  </testcase> <!-- test3 -->
</testsuite>
